<?xml version="1.0" encoding="UTF-8"?>
<testng-results ignored="0" total="2" passed="2" failed="0" skipped="0">
  <reporter-output>
  </reporter-output>
  <suite started-at="2024-02-01T17:10:14 CST" name="Default suite" finished-at="2024-02-01T17:10:25 CST" duration-ms="10533">
    <groups>
    </groups>
    <test started-at="2024-02-01T17:10:14 CST" name="Default test" finished-at="2024-02-01T17:10:25 CST" duration-ms="10533">
      <class name="variousConcepts.Parallel_Test">
        <test-method signature="ChromeTest()[pri:0, instance:variousConcepts.Parallel_Test@d9345cd]" started-at="2024-02-01T17:10:14 CST" name="ChromeTest" finished-at="2024-02-01T17:10:18 CST" duration-ms="3701" status="PASS">
          <reporter-output>
          </reporter-output>
        </test-method> <!-- ChromeTest -->
        <test-method signature="EdgeTest()[pri:0, instance:variousConcepts.Parallel_Test@d9345cd]" started-at="2024-02-01T17:10:18 CST" name="EdgeTest" finished-at="2024-02-01T17:10:25 CST" duration-ms="6757" status="PASS">
          <reporter-output>
          </reporter-output>
        </test-method> <!-- EdgeTest -->
      </class> <!-- variousConcepts.Parallel_Test -->
    </test> <!-- Default test -->
  </suite> <!-- Default suite -->
</testng-results>
